<?xml version="1.0" encoding="UTF-8"?>
<testng-results ignored="0" total="7" passed="6" failed="1" skipped="0">
  <reporter-output>
  </reporter-output>
  <suite started-at="2025-08-14T09:06:27 IST" name="Suite" finished-at="2025-08-14T09:08:40 IST" duration-ms="133067">
    <groups>
    </groups>
    <test started-at="2025-08-14T09:06:27 IST" name="Test" finished-at="2025-08-14T09:08:40 IST" duration-ms="133067">
      <class name="testNG_Demo.DemoWorkShop">
        <test-method is-config="true" signature="launchBrowser()[pri:0, instance:testNG_Demo.DemoWorkShop@477b4cdf]" started-at="2025-08-14T09:06:57 IST" name="launchBrowser" finished-at="2025-08-14T09:06:59 IST" duration-ms="1358" status="PASS">
          <reporter-output>
          </reporter-output>
        </test-method> <!-- launchBrowser -->
        <test-method signature="launchGoogle()[pri:0, instance:testNG_Demo.DemoWorkShop@477b4cdf]" started-at="2025-08-14T09:06:59 IST" name="launchGoogle" finished-at="2025-08-14T09:07:34 IST" duration-ms="34763" status="PASS">
          <reporter-output>
          </reporter-output>
        </test-method> <!-- launchGoogle -->
        <test-method signature="registerNewUser()[pri:0, instance:testNG_Demo.DemoWorkShop@477b4cdf]" started-at="2025-08-14T09:07:34 IST" name="registerNewUser" finished-at="2025-08-14T09:08:03 IST" duration-ms="29083" status="PASS">
          <reporter-output>
          </reporter-output>
        </test-method> <!-- registerNewUser -->
        <test-method is-config="true" signature="tearDown()[pri:0, instance:testNG_Demo.DemoWorkShop@477b4cdf]" started-at="2025-08-14T09:08:03 IST" name="tearDown" finished-at="2025-08-14T09:08:03 IST" duration-ms="533" status="PASS">
          <reporter-output>
          </reporter-output>
        </test-method> <!-- tearDown -->
      </class> <!-- testNG_Demo.DemoWorkShop -->
      <class name="testNG_Demo.Swag_Labs_loginPage">
        <test-method is-config="true" signature="setup()[pri:0, instance:testNG_Demo.Swag_Labs_loginPage@f5958c9]" started-at="2025-08-14T09:08:30 IST" name="setup" finished-at="2025-08-14T09:08:37 IST" duration-ms="6357" status="PASS">
          <reporter-output>
          </reporter-output>
        </test-method> <!-- setup -->
        <test-method signature="fullFlowTest()[pri:0, instance:testNG_Demo.Swag_Labs_loginPage@f5958c9]" started-at="2025-08-14T09:08:37 IST" name="fullFlowTest" finished-at="2025-08-14T09:08:40 IST" duration-ms="3271" status="PASS">
          <reporter-output>
          </reporter-output>
        </test-method> <!-- fullFlowTest -->
        <test-method is-config="true" signature="tearDown()[pri:0, instance:testNG_Demo.Swag_Labs_loginPage@f5958c9]" started-at="2025-08-14T09:08:40 IST" name="tearDown" finished-at="2025-08-14T09:08:40 IST" duration-ms="473" status="PASS">
          <reporter-output>
          </reporter-output>
        </test-method> <!-- tearDown -->
      </class> <!-- testNG_Demo.Swag_Labs_loginPage -->
      <class name="testNG_Demo.PhpTravelsAdminTest">
        <test-method is-config="true" signature="beforeSuite()[pri:0, instance:testNG_Demo.PhpTravelsAdminTest@77c2494c]" started-at="2025-08-14T09:06:27 IST" name="beforeSuite" finished-at="2025-08-14T09:06:27 IST" duration-ms="1" status="PASS">
          <reporter-output>
          </reporter-output>
        </test-method> <!-- beforeSuite -->
        <test-method is-config="true" signature="beforeTest()[pri:0, instance:testNG_Demo.PhpTravelsAdminTest@77c2494c]" started-at="2025-08-14T09:06:27 IST" name="beforeTest" finished-at="2025-08-14T09:06:27 IST" duration-ms="1" status="PASS">
          <reporter-output>
          </reporter-output>
        </test-method> <!-- beforeTest -->
        <test-method is-config="true" signature="beforeClass()[pri:0, instance:testNG_Demo.PhpTravelsAdminTest@77c2494c]" started-at="2025-08-14T09:08:03 IST" name="beforeClass" finished-at="2025-08-14T09:08:05 IST" duration-ms="1717" status="PASS">
          <reporter-output>
          </reporter-output>
        </test-method> <!-- beforeClass -->
        <test-method is-config="true" signature="beforeMethod()[pri:0, instance:testNG_Demo.PhpTravelsAdminTest@77c2494c]" started-at="2025-08-14T09:08:05 IST" name="beforeMethod" finished-at="2025-08-14T09:08:08 IST" duration-ms="2658" status="PASS">
          <reporter-output>
          </reporter-output>
        </test-method> <!-- beforeMethod -->
        <test-method signature="verifyPageTitle()[pri:1, instance:testNG_Demo.PhpTravelsAdminTest@77c2494c]" started-at="2025-08-14T09:08:08 IST" name="verifyPageTitle" finished-at="2025-08-14T09:08:08 IST" duration-ms="27" status="PASS">
          <reporter-output>
          </reporter-output>
        </test-method> <!-- verifyPageTitle -->
        <test-method is-config="true" signature="afterMethod()[pri:0, instance:testNG_Demo.PhpTravelsAdminTest@77c2494c]" started-at="2025-08-14T09:08:08 IST" name="afterMethod" finished-at="2025-08-14T09:08:08 IST" duration-ms="2" status="PASS">
          <reporter-output>
          </reporter-output>
        </test-method> <!-- afterMethod -->
        <test-method is-config="true" signature="beforeMethod()[pri:0, instance:testNG_Demo.PhpTravelsAdminTest@77c2494c]" started-at="2025-08-14T09:08:08 IST" name="beforeMethod" finished-at="2025-08-14T09:08:09 IST" duration-ms="1272" status="PASS">
          <reporter-output>
          </reporter-output>
        </test-method> <!-- beforeMethod -->
        <test-method signature="loginTest()[pri:2, instance:testNG_Demo.PhpTravelsAdminTest@77c2494c]" started-at="2025-08-14T09:08:09 IST" name="loginTest" finished-at="2025-08-14T09:08:30 IST" duration-ms="20653" status="FAIL">
          <exception class="org.openqa.selenium.TimeoutException">
            <message>
              <![CDATA[Expected condition failed: waiting for visibility of element located by By.xpath: //h2[contains(text(),'Dashboard')] (tried for 20 second(s) with 500 milliseconds interval)
Build info: version: '4.34.0', revision: '707dcb4246*'
System info: os.name: 'Windows 10', os.arch: 'amd64', os.version: '10.0', java.version: '21.0.7'
Driver info: org.openqa.selenium.chrome.ChromeDriver
Capabilities {acceptInsecureCerts: false, browserName: chrome, browserVersion: 138.0.7204.184, chrome: {chromedriverVersion: 138.0.7204.183 (e90faf484dd..., userDataDir: C:\Users\ahads\AppData\Loca...}, fedcm:accounts: true, goog:chromeOptions: {debuggerAddress: localhost:52341}, networkConnectionEnabled: false, pageLoadStrategy: normal, platformName: windows, proxy: Proxy(), se:cdp: ws://localhost:52341/devtoo..., se:cdpVersion: 138.0.7204.184, setWindowRect: true, strictFileInteractability: false, timeouts: {implicit: 0, pageLoad: 300000, script: 30000}, unhandledPromptBehavior: dismiss and notify, webauthn:extension:credBlob: true, webauthn:extension:largeBlob: true, webauthn:extension:minPinLength: true, webauthn:extension:prf: true, webauthn:virtualAuthenticators: true}
Session ID: 92b40e29dec2940399fdb58a1a61209c]]>
            </message>
            <full-stacktrace>
              <![CDATA[org.openqa.selenium.TimeoutException: Expected condition failed: waiting for visibility of element located by By.xpath: //h2[contains(text(),'Dashboard')] (tried for 20 second(s) with 500 milliseconds interval)
Build info: version: '4.34.0', revision: '707dcb4246*'
System info: os.name: 'Windows 10', os.arch: 'amd64', os.version: '10.0', java.version: '21.0.7'
Driver info: org.openqa.selenium.chrome.ChromeDriver
Capabilities {acceptInsecureCerts: false, browserName: chrome, browserVersion: 138.0.7204.184, chrome: {chromedriverVersion: 138.0.7204.183 (e90faf484dd..., userDataDir: C:\Users\ahads\AppData\Loca...}, fedcm:accounts: true, goog:chromeOptions: {debuggerAddress: localhost:52341}, networkConnectionEnabled: false, pageLoadStrategy: normal, platformName: windows, proxy: Proxy(), se:cdp: ws://localhost:52341/devtoo..., se:cdpVersion: 138.0.7204.184, setWindowRect: true, strictFileInteractability: false, timeouts: {implicit: 0, pageLoad: 300000, script: 30000}, unhandledPromptBehavior: dismiss and notify, webauthn:extension:credBlob: true, webauthn:extension:largeBlob: true, webauthn:extension:minPinLength: true, webauthn:extension:prf: true, webauthn:virtualAuthenticators: true}
Session ID: 92b40e29dec2940399fdb58a1a61209c
at org.openqa.selenium.support.ui.WebDriverWait.timeoutException(WebDriverWait.java:84)
at org.openqa.selenium.support.ui.FluentWait.until(FluentWait.java:228)
at testNG_Demo.PhpTravelsAdminTest.loginTest(PhpTravelsAdminTest.java:61)
at java.base/jdk.internal.reflect.DirectMethodHandleAccessor.invoke(DirectMethodHandleAccessor.java:103)
at java.base/java.lang.reflect.Method.invoke(Method.java:580)
at org.testng.internal.invokers.MethodInvocationHelper.invokeMethod(MethodInvocationHelper.java:141)
at org.testng.internal.invokers.TestInvoker.invokeMethod(TestInvoker.java:687)
at org.testng.internal.invokers.TestInvoker.invokeTestMethod(TestInvoker.java:230)
at org.testng.internal.invokers.MethodRunner.runInSequence(MethodRunner.java:63)
at org.testng.internal.invokers.TestInvoker$MethodInvocationAgent.invoke(TestInvoker.java:995)
at org.testng.internal.invokers.TestInvoker.invokeTestMethods(TestInvoker.java:203)
at org.testng.internal.invokers.TestMethodWorker.invokeTestMethods(TestMethodWorker.java:154)
at org.testng.internal.invokers.TestMethodWorker.run(TestMethodWorker.java:134)
at java.base/java.util.ArrayList.forEach(ArrayList.java:1596)
at org.testng.TestRunner.privateRun(TestRunner.java:741)
at org.testng.TestRunner.run(TestRunner.java:616)
at org.testng.SuiteRunner.runTest(SuiteRunner.java:421)
at org.testng.SuiteRunner.runSequentially(SuiteRunner.java:413)
at org.testng.SuiteRunner.privateRun(SuiteRunner.java:373)
at org.testng.SuiteRunner.run(SuiteRunner.java:312)
at org.testng.SuiteRunnerWorker.runSuite(SuiteRunnerWorker.java:52)
at org.testng.SuiteRunnerWorker.run(SuiteRunnerWorker.java:95)
at org.testng.TestNG.runSuitesSequentially(TestNG.java:1274)
at org.testng.TestNG.runSuitesLocally(TestNG.java:1208)
at org.testng.TestNG.runSuites(TestNG.java:1112)
at org.testng.TestNG.run(TestNG.java:1079)
at org.testng.remote.AbstractRemoteTestNG.run(AbstractRemoteTestNG.java:115)
at org.testng.remote.RemoteTestNG.initAndRun(RemoteTestNG.java:293)
at org.testng.remote.RemoteTestNG.main(RemoteTestNG.java:91)
]]>
            </full-stacktrace>
          </exception> <!-- org.openqa.selenium.TimeoutException -->
          <reporter-output>
          </reporter-output>
        </test-method> <!-- loginTest -->
        <test-method is-config="true" signature="afterMethod()[pri:0, instance:testNG_Demo.PhpTravelsAdminTest@77c2494c]" started-at="2025-08-14T09:08:30 IST" name="afterMethod" finished-at="2025-08-14T09:08:30 IST" duration-ms="1" status="PASS">
          <reporter-output>
          </reporter-output>
        </test-method> <!-- afterMethod -->
        <test-method is-config="true" signature="afterClass()[pri:0, instance:testNG_Demo.PhpTravelsAdminTest@77c2494c]" started-at="2025-08-14T09:08:30 IST" name="afterClass" finished-at="2025-08-14T09:08:30 IST" duration-ms="612" status="PASS">
          <reporter-output>
          </reporter-output>
        </test-method> <!-- afterClass -->
        <test-method is-config="true" signature="afterTest()[pri:0, instance:testNG_Demo.PhpTravelsAdminTest@77c2494c]" started-at="2025-08-14T09:08:40 IST" name="afterTest" finished-at="2025-08-14T09:08:40 IST" duration-ms="1" status="PASS">
          <reporter-output>
          </reporter-output>
        </test-method> <!-- afterTest -->
        <test-method is-config="true" signature="afterSuite()[pri:0, instance:testNG_Demo.PhpTravelsAdminTest@77c2494c]" started-at="2025-08-14T09:08:40 IST" name="afterSuite" finished-at="2025-08-14T09:08:40 IST" duration-ms="2" status="PASS">
          <reporter-output>
          </reporter-output>
        </test-method> <!-- afterSuite -->
      </class> <!-- testNG_Demo.PhpTravelsAdminTest -->
      <class name="testNG_Demo.Annotations">
        <test-method is-config="true" signature="beforeSuite()[pri:0, instance:testNG_Demo.Annotations@7dcf94f8]" started-at="2025-08-14T09:06:27 IST" name="beforeSuite" finished-at="2025-08-14T09:06:27 IST" duration-ms="29" status="PASS">
          <reporter-output>
          </reporter-output>
        </test-method> <!-- beforeSuite -->
        <test-method is-config="true" signature="beforeTEST()[pri:0, instance:testNG_Demo.Annotations@7dcf94f8]" started-at="2025-08-14T09:06:27 IST" name="beforeTEST" finished-at="2025-08-14T09:06:27 IST" duration-ms="6" status="PASS">
          <reporter-output>
          </reporter-output>
        </test-method> <!-- beforeTEST -->
        <test-method is-config="true" signature="beforeClass()[pri:0, instance:testNG_Demo.Annotations@7dcf94f8]" started-at="2025-08-14T09:06:27 IST" name="beforeClass" finished-at="2025-08-14T09:06:41 IST" duration-ms="13577" status="PASS">
          <reporter-output>
          </reporter-output>
        </test-method> <!-- beforeClass -->
        <test-method is-config="true" signature="beforeMethod()[pri:0, instance:testNG_Demo.Annotations@7dcf94f8]" started-at="2025-08-14T09:06:41 IST" name="beforeMethod" finished-at="2025-08-14T09:06:43 IST" duration-ms="1685" status="PASS">
          <reporter-output>
          </reporter-output>
        </test-method> <!-- beforeMethod -->
        <test-method signature="verifypage()[pri:1, instance:testNG_Demo.Annotations@7dcf94f8]" started-at="2025-08-14T09:06:43 IST" name="verifypage" finished-at="2025-08-14T09:06:43 IST" duration-ms="17" status="PASS">
          <reporter-output>
          </reporter-output>
        </test-method> <!-- verifypage -->
        <test-method is-config="true" signature="afterMethod()[pri:0, instance:testNG_Demo.Annotations@7dcf94f8]" started-at="2025-08-14T09:06:43 IST" name="afterMethod" finished-at="2025-08-14T09:06:44 IST" duration-ms="1207" status="PASS">
          <reporter-output>
          </reporter-output>
        </test-method> <!-- afterMethod -->
        <test-method is-config="true" signature="beforeMethod()[pri:0, instance:testNG_Demo.Annotations@7dcf94f8]" started-at="2025-08-14T09:06:44 IST" name="beforeMethod" finished-at="2025-08-14T09:06:45 IST" duration-ms="1420" status="PASS">
          <reporter-output>
          </reporter-output>
        </test-method> <!-- beforeMethod -->
        <test-method signature="LoginTest()[pri:2, instance:testNG_Demo.Annotations@7dcf94f8]" started-at="2025-08-14T09:06:45 IST" name="LoginTest" finished-at="2025-08-14T09:06:48 IST" duration-ms="2717" status="PASS">
          <reporter-output>
          </reporter-output>
        </test-method> <!-- LoginTest -->
        <test-method is-config="true" signature="afterMethod()[pri:0, instance:testNG_Demo.Annotations@7dcf94f8]" started-at="2025-08-14T09:06:48 IST" name="afterMethod" finished-at="2025-08-14T09:06:57 IST" duration-ms="9107" status="PASS">
          <reporter-output>
          </reporter-output>
        </test-method> <!-- afterMethod -->
        <test-method is-config="true" signature="afterClass()[pri:0, instance:testNG_Demo.Annotations@7dcf94f8]" started-at="2025-08-14T09:06:57 IST" name="afterClass" finished-at="2025-08-14T09:06:57 IST" duration-ms="381" status="PASS">
          <reporter-output>
          </reporter-output>
        </test-method> <!-- afterClass -->
        <test-method is-config="true" signature="afterTest()[pri:0, instance:testNG_Demo.Annotations@7dcf94f8]" started-at="2025-08-14T09:08:40 IST" name="afterTest" finished-at="2025-08-14T09:08:40 IST" duration-ms="1" status="PASS">
          <reporter-output>
          </reporter-output>
        </test-method> <!-- afterTest -->
        <test-method is-config="true" signature="afterSuite()[pri:0, instance:testNG_Demo.Annotations@7dcf94f8]" started-at="2025-08-14T09:08:40 IST" name="afterSuite" finished-at="2025-08-14T09:08:40 IST" duration-ms="2" status="PASS">
          <reporter-output>
          </reporter-output>
        </test-method> <!-- afterSuite -->
      </class> <!-- testNG_Demo.Annotations -->
    </test> <!-- Test -->
  </suite> <!-- Suite -->
</testng-results>
