<?xml version="1.0" encoding="UTF-8"?>
<!-- Generated by org.testng.reporters.JUnitXMLReporter -->
<testsuite ignored="0" hostname="DESKTOP-HGUK8IM" failures="0" tests="2" name="Swag Labs - Listener Demo" time="9.045" errors="0" timestamp="2025-08-17T22:27:54 IST">
  <testcase classname="DataProvider.SwagLoginWithListener" name="invalidLogin" time="2.615"/>
  <testcase classname="DataProvider.SwagLoginWithListener" name="validLogin" time="1.821"/>
</testsuite> <!-- Swag Labs - Listener Demo -->
