<?xml version="1.0" encoding="UTF-8"?>
<!-- Generated by org.testng.reporters.JUnitXMLReporter -->
<testsuite ignored="0" hostname="DESKTOP-HGUK8IM" failures="0" tests="4" name="SauceDemo Login Tests" time="34.657" errors="0" timestamp="2025-08-17T22:03:35 IST">
  <testcase classname="DataProvider.SauceDemoLoginTest" name="loginTest" time="0.696"/>
  <testcase classname="DataProvider.SauceDemoLoginTest" name="loginTest" time="0.614"/>
  <testcase classname="DataProvider.SauceDemoLoginTest" name="loginTest" time="5.663"/>
  <testcase classname="DataProvider.SauceDemoLoginTest" name="loginTest" time="0.605"/>
</testsuite> <!-- SauceDemo Login Tests -->
